2014-01-09 18:43:46 [INFO] [Multiverse-Core] - Version 2.4-b527 (API v14) Enabled - By Rigby, fernferret, lithium3141 and main--
2014-01-09 18:43:46 [INFO] [Multiverse-Core] Loading World & Settings - 'world' - Env: NORMAL - Type: NORMAL & seed: -6335515960105986157
2014-01-09 18:43:46 [INFO] [Multiverse-Core] Loading World & Settings - 'world_nether' - Env: NETHER - Type: NORMAL & seed: -6335515960105986157
2014-01-09 18:43:46 [WARNING] [Multiverse-Core] Spawn location from world.dat file was unsafe. Adjusting...
2014-01-09 18:43:46 [WARNING] [Multiverse-Core] Original Location: X: 0 Y: 64 Z: 0 P: 0 Y: 0 
2014-01-09 18:43:46 [INFO] [Multiverse-Core] New Spawn for 'world_nether' is Located at: world_nether:0,00,42,00,0,00:0,00:0,00
2014-01-09 18:43:46 [INFO] [Multiverse-Core] Loading World & Settings - 'world_the_end' - Env: THE_END - Type: NORMAL & seed: -6335515960105986157
2014-01-09 18:43:46 [WARNING] [Multiverse-Core] Spawn location from world.dat file was unsafe. Adjusting...
2014-01-09 18:43:46 [WARNING] [Multiverse-Core] Original Location: X: 0 Y: 50 Z: 0 P: 0 Y: 0 
2014-01-09 18:43:46 [INFO] [Multiverse-Core] New Spawn for 'world_the_end' is Located at: world_the_end:0,00,98,00,0,00:0,00:0,00
2014-01-09 18:43:46 [INFO] [Multiverse-Core] Loading World & Settings - 'world' - Env: NORMAL - Type: NORMAL & seed: -6335515960105986157
2014-01-09 18:43:46 [INFO] [Multiverse-Core] Loading World & Settings - 'world_nether' - Env: NETHER - Type: NORMAL & seed: -6335515960105986157
2014-01-09 18:43:46 [INFO] [Multiverse-Core] Loading World & Settings - 'world_the_end' - Env: THE_END - Type: NORMAL & seed: -6335515960105986157
2014-01-09 18:43:46 [INFO] [Multiverse-Core] 3 - World(s) loaded.
2014-01-09 18:46:03 [INFO] [Multiverse-Core] Loading World & Settings - 'spawn' - Env: NORMAL - Type: NORMAL
2014-01-09 18:46:12 [WARNING] [Multiverse-Core] Spawn location from world.dat file was unsafe. Adjusting...
2014-01-09 18:46:12 [WARNING] [Multiverse-Core] Original Location: X: 1 Y: 64 Z: 254 P: 0 Y: 0 
2014-01-09 18:46:12 [INFO] [Multiverse-Core] New Spawn for 'spawn' is Located at: spawn:2,50,64,00,254,50:0,00:0,00
2014-01-09 18:48:01 [INFO] [Multiverse-Core] - Version 2.4-b527 (API v14) Enabled - By Rigby, fernferret, lithium3141 and main--
2014-01-09 18:48:01 [INFO] [Multiverse-Core] Loading World & Settings - 'world' - Env: NORMAL - Type: NORMAL & seed: -6335515960105986157
2014-01-09 18:48:01 [INFO] [Multiverse-Core] Loading World & Settings - 'world_nether' - Env: NETHER - Type: NORMAL & seed: -6335515960105986157
2014-01-09 18:48:01 [INFO] [Multiverse-Core] Loading World & Settings - 'world_the_end' - Env: THE_END - Type: NORMAL & seed: -6335515960105986157
2014-01-09 18:48:01 [INFO] [Multiverse-Core] Loading World & Settings - 'spawn' - Env: NORMAL - Type: NORMAL & seed: -5791268806525305631
2014-01-09 18:48:02 [WARNING] [Multiverse-Core] Spawn location from world.dat file was unsafe. Adjusting...
2014-01-09 18:48:02 [WARNING] [Multiverse-Core] Original Location: X: -50 Y: 83 Z: 1 P: 0 Y: 0 
2014-01-09 18:48:02 [INFO] [Multiverse-Core] New Spawn for 'spawn' is Located at: spawn:-48,50,83,00,1,50:0,00:0,00
2014-01-09 18:48:02 [INFO] [Multiverse-Core] 4 - World(s) loaded.
2014-01-12 10:22:19 [INFO] [Multiverse-Core] - Version 2.4-b527 (API v14) Enabled - By Rigby, fernferret, lithium3141 and main--
2014-01-12 10:22:19 [INFO] [Multiverse-Core] Loading World & Settings - 'world' - Env: NORMAL - Type: NORMAL & seed: -6335515960105986157
2014-01-12 10:22:19 [INFO] [Multiverse-Core] Loading World & Settings - 'world_nether' - Env: NETHER - Type: NORMAL & seed: -6335515960105986157
2014-01-12 10:22:19 [INFO] [Multiverse-Core] Loading World & Settings - 'world_the_end' - Env: THE_END - Type: NORMAL & seed: -6335515960105986157
2014-01-12 10:22:19 [INFO] [Multiverse-Core] Loading World & Settings - 'spawn' - Env: NORMAL - Type: NORMAL & seed: 1435672245
2014-01-12 10:22:20 [INFO] [Multiverse-Core] 4 - World(s) loaded.
2014-01-16 14:36:43 [INFO] [Multiverse-Core] - Version 2.4-b527 (API v14) Enabled - By Rigby, fernferret, lithium3141 and main--
2014-01-16 14:36:44 [INFO] [Multiverse-Core] Loading World & Settings - 'world' - Env: NORMAL - Type: NORMAL & seed: -6335515960105986157
2014-01-16 14:36:44 [INFO] [Multiverse-Core] Loading World & Settings - 'world_nether' - Env: NETHER - Type: NORMAL & seed: -6335515960105986157
2014-01-16 14:36:44 [INFO] [Multiverse-Core] Loading World & Settings - 'world_the_end' - Env: THE_END - Type: NORMAL & seed: -6335515960105986157
2014-01-16 14:36:44 [INFO] [Multiverse-Core] Loading World & Settings - 'spawn' - Env: NORMAL - Type: NORMAL & seed: 1435672245
2014-01-16 14:36:44 [INFO] [Multiverse-Core] 4 - World(s) loaded.
2014-01-16 14:44:45 [INFO] [Multiverse-Core] - Version 2.4-b527 (API v14) Enabled - By Rigby, fernferret, lithium3141 and main--
2014-01-16 14:44:45 [INFO] [Multiverse-Core] Loading World & Settings - 'cool' - Env: NORMAL - Type: NORMAL & seed: -4686037208822598055
2014-01-16 14:44:56 [WARNING] [Multiverse-Core] Spawn location from world.dat file was unsafe. Adjusting...
2014-01-16 14:44:56 [WARNING] [Multiverse-Core] Original Location: X: -204 Y: 64 Z: 252 P: 0 Y: 0 
2014-01-16 14:44:56 [INFO] [Multiverse-Core] New Spawn for 'cool' is Located at: cool:-211,50,64,00,246,50:0,00:0,00
2014-01-16 14:44:56 [INFO] [Multiverse-Core] Loading World & Settings - 'minefreak24' - Env: NORMAL - Type: FLAT & seed: 8106834238172721214
2014-01-16 14:44:58 [INFO] [Multiverse-Core] Loading World & Settings - 'spawn' - Env: NORMAL - Type: FLAT & seed: -6884117911294233583
2014-01-16 14:44:58 [WARNING] [Multiverse-Core] Spawn location from world.dat file was unsafe. Adjusting...
2014-01-16 14:44:58 [WARNING] [Multiverse-Core] Original Location: X: -49 Y: 83 Z: 1 P: 0 Y: 0 
2014-01-16 14:44:58 [INFO] [Multiverse-Core] New Spawn for 'spawn' is Located at: spawn:-47,50,83,00,1,50:0,00:0,00
2014-01-16 14:44:58 [INFO] [Multiverse-Core] Loading World & Settings - '11Kralu' - Env: NORMAL - Type: NORMAL & seed: 3146078112081712581
2014-01-16 14:45:13 [INFO] [Multiverse-Core] Loading World & Settings - 'Project1' - Env: NORMAL - Type: NORMAL & seed: -7433472684274502886
2014-01-16 14:45:26 [INFO] [Multiverse-Core] Loading World & Settings - 'spawn1' - Env: NORMAL - Type: NORMAL & seed: 1435672245
2014-01-16 14:45:35 [WARNING] [Multiverse-Core] Spawn location from world.dat file was unsafe. Adjusting...
2014-01-16 14:45:35 [WARNING] [Multiverse-Core] Original Location: X: -88 Y: 64 Z: 256 P: 0 Y: 0 
2014-01-16 14:45:35 [INFO] [Multiverse-Core] New Spawn for 'spawn1' is Located at: spawn1:-85,50,64,00,253,50:0,00:0,00
2014-01-16 14:45:35 [INFO] [Multiverse-Core] Loading World & Settings - 'Single' - Env: NORMAL - Type: NORMAL & seed: -1413981377949356635
2014-01-16 14:45:44 [WARNING] [Multiverse-Core] Spawn location from world.dat file was unsafe. Adjusting...
2014-01-16 14:45:44 [WARNING] [Multiverse-Core] Original Location: X: -226 Y: 64 Z: 275 P: 0 Y: 0 
2014-01-16 14:45:44 [INFO] [Multiverse-Core] New Spawn for 'Single' is Located at: Single:-224,50,64,00,275,50:0,00:0,00
2014-01-16 14:45:45 [INFO] [Multiverse-Core] Loading World & Settings - 'MineGames' - Env: NORMAL - Type: NORMAL & seed: 1435672245
2014-01-16 14:45:55 [WARNING] [Multiverse-Core] Spawn location from world.dat file was unsafe. Adjusting...
2014-01-16 14:45:55 [WARNING] [Multiverse-Core] Original Location: X: -88 Y: 64 Z: 256 P: 0 Y: 0 
2014-01-16 14:45:55 [INFO] [Multiverse-Core] New Spawn for 'MineGames' is Located at: MineGames:-85,50,64,00,253,50:0,00:0,00
2014-01-16 14:45:55 [INFO] [Multiverse-Core] Loading World & Settings - 'world' - Env: NORMAL - Type: NORMAL & seed: 2678952204194827724
2014-01-16 14:45:55 [WARNING] [Multiverse-Core] Spawn location from world.dat file was unsafe. Adjusting...
2014-01-16 14:45:55 [WARNING] [Multiverse-Core] Original Location: X: 206 Y: 64 Z: 35 P: 0 Y: 0 
2014-01-16 14:45:55 [INFO] [Multiverse-Core] New Spawn for 'world' is Located at: world:202,50,64,00,39,50:0,00:0,00
2014-01-16 14:45:55 [INFO] [Multiverse-Core] Loading World & Settings - 'world_nether' - Env: NETHER - Type: NORMAL & seed: 2678952204194827724
2014-01-16 14:45:55 [WARNING] [Multiverse-Core] Spawn location from world.dat file was unsafe. Adjusting...
2014-01-16 14:45:55 [WARNING] [Multiverse-Core] Original Location: X: 0 Y: 64 Z: 0 P: 0 Y: 0 
2014-01-16 14:45:55 [INFO] [Multiverse-Core] New Spawn for 'world_nether' is Located at: world_nether:7,50,58,00,6,50:0,00:0,00
2014-01-16 14:45:55 [INFO] [Multiverse-Core] Loading World & Settings - 'world_the_end' - Env: THE_END - Type: NORMAL & seed: 2678952204194827724
2014-01-16 14:45:55 [WARNING] [Multiverse-Core] Spawn location from world.dat file was unsafe. Adjusting...
2014-01-16 14:45:55 [WARNING] [Multiverse-Core] Original Location: X: 0 Y: 50 Z: 0 P: 0 Y: 0 
2014-01-16 14:45:55 [INFO] [Multiverse-Core] New Spawn for 'world_the_end' is Located at: world_the_end:0,00,61,00,0,00:0,00:0,00
2014-01-16 14:45:55 [INFO] [Multiverse-Core] 11 - World(s) loaded.
2014-01-17 16:47:35 [INFO] [Multiverse-Core] - Version 2.4-b527 (API v14) Enabled - By Rigby, fernferret, lithium3141 and main--
2014-01-17 16:47:35 [INFO] [Multiverse-Core] Loading World & Settings - 'cool' - Env: NORMAL - Type: NORMAL & seed: -4686037208822598055
2014-01-17 16:47:36 [INFO] [Multiverse-Core] Loading World & Settings - 'minefreak24' - Env: NORMAL - Type: FLAT & seed: 8106834238172721214
2014-01-17 16:47:37 [INFO] [Multiverse-Core] Loading World & Settings - 'spawn' - Env: NORMAL - Type: NORMAL & seed: 1435672245
2014-01-17 16:47:38 [INFO] [Multiverse-Core] Loading World & Settings - '11Kralu' - Env: NORMAL - Type: NORMAL & seed: 3146078112081712581
2014-01-17 16:47:40 [INFO] [Multiverse-Core] Loading World & Settings - 'Project1' - Env: NORMAL - Type: NORMAL & seed: -7433472684274502886
2014-01-17 16:47:42 [INFO] [Multiverse-Core] Loading World & Settings - 'spawn1' - Env: NORMAL - Type: NORMAL & seed: 1435672245
2014-01-17 16:47:43 [INFO] [Multiverse-Core] Loading World & Settings - 'Single' - Env: NORMAL - Type: NORMAL & seed: -1413981377949356635
2014-01-17 16:47:45 [INFO] [Multiverse-Core] Loading World & Settings - 'MineGames' - Env: NORMAL - Type: NORMAL & seed: 1435672245
2014-01-17 16:47:47 [INFO] [Multiverse-Core] Loading World & Settings - 'world' - Env: NORMAL - Type: NORMAL & seed: -1139625709611543140
2014-01-17 16:47:47 [INFO] [Multiverse-Core] Loading World & Settings - 'world_nether' - Env: NETHER - Type: NORMAL & seed: -1139625709611543140
2014-01-17 16:47:47 [INFO] [Multiverse-Core] Loading World & Settings - 'world_the_end' - Env: THE_END - Type: NORMAL & seed: -1139625709611543140
2014-01-17 16:47:47 [INFO] [Multiverse-Core] 11 - World(s) loaded.
2014-01-17 17:53:57 [INFO] [Multiverse-Core] - Version 2.4-b527 (API v14) Enabled - By Rigby, fernferret, lithium3141 and main--
2014-01-17 17:53:58 [INFO] [Multiverse-Core] Loading World & Settings - 'cool' - Env: NORMAL - Type: NORMAL & seed: -4686037208822598055
2014-01-17 17:53:58 [INFO] [Multiverse-Core] Loading World & Settings - 'minefreak24' - Env: NORMAL - Type: FLAT & seed: 8106834238172721214
2014-01-17 17:53:59 [INFO] [Multiverse-Core] Loading World & Settings - 'spawn' - Env: NORMAL - Type: NORMAL & seed: 1435672245
2014-01-17 17:53:59 [INFO] [Multiverse-Core] Loading World & Settings - '11Kralu' - Env: NORMAL - Type: NORMAL & seed: 3146078112081712581
2014-01-17 17:54:00 [INFO] [Multiverse-Core] Loading World & Settings - 'Project1' - Env: NORMAL - Type: NORMAL & seed: -7433472684274502886
2014-01-17 17:54:00 [INFO] [Multiverse-Core] Loading World & Settings - 'spawn1' - Env: NORMAL - Type: NORMAL & seed: 1435672245
2014-01-17 17:54:00 [INFO] [Multiverse-Core] Loading World & Settings - 'Single' - Env: NORMAL - Type: NORMAL & seed: -1413981377949356635
2014-01-17 17:54:01 [INFO] [Multiverse-Core] Loading World & Settings - 'MineGames' - Env: NORMAL - Type: NORMAL & seed: 1435672245
2014-01-17 17:54:01 [INFO] [Multiverse-Core] Loading World & Settings - 'world' - Env: NORMAL - Type: NORMAL & seed: -1139625709611543140
2014-01-17 17:54:01 [INFO] [Multiverse-Core] Loading World & Settings - 'world_nether' - Env: NETHER - Type: NORMAL & seed: -1139625709611543140
2014-01-17 17:54:02 [INFO] [Multiverse-Core] Loading World & Settings - 'world_the_end' - Env: THE_END - Type: NORMAL & seed: -1139625709611543140
2014-01-17 17:54:02 [INFO] [Multiverse-Core] 11 - World(s) loaded.
2014-01-17 21:06:09 [INFO] [Multiverse-Core] - Version 2.4-b527 (API v14) Enabled - By Rigby, fernferret, lithium3141 and main--
2014-01-17 21:06:09 [INFO] [Multiverse-Core] Loading World & Settings - 'cool' - Env: NORMAL - Type: NORMAL & seed: -4686037208822598055
2014-01-17 21:06:10 [INFO] [Multiverse-Core] Loading World & Settings - 'minefreak24' - Env: NORMAL - Type: FLAT & seed: 8106834238172721214
2014-01-17 21:06:10 [INFO] [Multiverse-Core] Loading World & Settings - 'spawn' - Env: NORMAL - Type: NORMAL & seed: 1435672245
2014-01-17 21:06:10 [INFO] [Multiverse-Core] Loading World & Settings - '11Kralu' - Env: NORMAL - Type: NORMAL & seed: 3146078112081712581
2014-01-17 21:06:11 [INFO] [Multiverse-Core] Loading World & Settings - 'Project1' - Env: NORMAL - Type: NORMAL & seed: -7433472684274502886
2014-01-17 21:06:11 [INFO] [Multiverse-Core] Loading World & Settings - 'spawn1' - Env: NORMAL - Type: NORMAL & seed: 1435672245
2014-01-17 21:06:12 [INFO] [Multiverse-Core] Loading World & Settings - 'Single' - Env: NORMAL - Type: NORMAL & seed: -1413981377949356635
2014-01-17 21:06:12 [INFO] [Multiverse-Core] Loading World & Settings - 'MineGames' - Env: NORMAL - Type: NORMAL & seed: 1435672245
2014-01-17 21:06:13 [INFO] [Multiverse-Core] Loading World & Settings - 'world' - Env: NORMAL - Type: NORMAL & seed: -1139625709611543140
2014-01-17 21:06:13 [INFO] [Multiverse-Core] Loading World & Settings - 'world_nether' - Env: NETHER - Type: NORMAL & seed: -1139625709611543140
2014-01-17 21:06:13 [INFO] [Multiverse-Core] Loading World & Settings - 'world_the_end' - Env: THE_END - Type: NORMAL & seed: -1139625709611543140
2014-01-17 21:06:13 [INFO] [Multiverse-Core] 11 - World(s) loaded.
2014-01-17 21:09:27 [INFO] [Multiverse-Core] - Version 2.4-b527 (API v14) Enabled - By Rigby, fernferret, lithium3141 and main--
2014-01-17 21:09:27 [INFO] [Multiverse-Core] Loading World & Settings - 'cool' - Env: NORMAL - Type: NORMAL & seed: -4686037208822598055
2014-01-17 21:09:27 [INFO] [Multiverse-Core] Loading World & Settings - 'minefreak24' - Env: NORMAL - Type: FLAT & seed: 8106834238172721214
2014-01-17 21:09:27 [INFO] [Multiverse-Core] Loading World & Settings - 'spawn' - Env: NORMAL - Type: NORMAL & seed: 1435672245
2014-01-17 21:09:27 [INFO] [Multiverse-Core] Loading World & Settings - '11Kralu' - Env: NORMAL - Type: NORMAL & seed: 3146078112081712581
2014-01-17 21:09:28 [INFO] [Multiverse-Core] Loading World & Settings - 'Project1' - Env: NORMAL - Type: NORMAL & seed: -7433472684274502886
2014-01-17 21:09:28 [INFO] [Multiverse-Core] Loading World & Settings - 'spawn1' - Env: NORMAL - Type: NORMAL & seed: 1435672245
2014-01-17 21:09:28 [INFO] [Multiverse-Core] Loading World & Settings - 'Single' - Env: NORMAL - Type: NORMAL & seed: -1413981377949356635
2014-01-17 21:09:28 [INFO] [Multiverse-Core] Loading World & Settings - 'MineGames' - Env: NORMAL - Type: NORMAL & seed: 1435672245
2014-01-17 21:09:29 [INFO] [Multiverse-Core] Loading World & Settings - 'world' - Env: NORMAL - Type: NORMAL & seed: -1139625709611543140
2014-01-17 21:09:29 [INFO] [Multiverse-Core] Loading World & Settings - 'world_nether' - Env: NETHER - Type: NORMAL & seed: -1139625709611543140
2014-01-17 21:09:29 [INFO] [Multiverse-Core] Loading World & Settings - 'world_the_end' - Env: THE_END - Type: NORMAL & seed: -1139625709611543140
2014-01-17 21:09:29 [INFO] [Multiverse-Core] 11 - World(s) loaded.
2014-01-17 21:12:27 [INFO] [Multiverse-Core] - Version 2.4-b527 (API v14) Enabled - By Rigby, fernferret, lithium3141 and main--
2014-01-17 21:12:27 [INFO] [Multiverse-Core] Loading World & Settings - 'cool' - Env: NORMAL - Type: NORMAL & seed: -4686037208822598055
2014-01-17 21:12:27 [INFO] [Multiverse-Core] Loading World & Settings - 'minefreak24' - Env: NORMAL - Type: FLAT & seed: 8106834238172721214
2014-01-17 21:12:28 [INFO] [Multiverse-Core] Loading World & Settings - 'spawn' - Env: NORMAL - Type: NORMAL & seed: 1435672245
2014-01-17 21:12:28 [INFO] [Multiverse-Core] Loading World & Settings - '11Kralu' - Env: NORMAL - Type: NORMAL & seed: 3146078112081712581
2014-01-17 21:12:28 [INFO] [Multiverse-Core] Loading World & Settings - 'Project1' - Env: NORMAL - Type: NORMAL & seed: -7433472684274502886
2014-01-17 21:12:28 [INFO] [Multiverse-Core] Loading World & Settings - 'spawn1' - Env: NORMAL - Type: NORMAL & seed: 1435672245
2014-01-17 21:12:29 [INFO] [Multiverse-Core] Loading World & Settings - 'Single' - Env: NORMAL - Type: NORMAL & seed: -1413981377949356635
2014-01-17 21:12:29 [INFO] [Multiverse-Core] Loading World & Settings - 'MineGames' - Env: NORMAL - Type: NORMAL & seed: 1435672245
2014-01-17 21:12:29 [INFO] [Multiverse-Core] Loading World & Settings - 'world' - Env: NORMAL - Type: NORMAL & seed: -1139625709611543140
2014-01-17 21:12:29 [INFO] [Multiverse-Core] Loading World & Settings - 'world_nether' - Env: NETHER - Type: NORMAL & seed: -1139625709611543140
2014-01-17 21:12:30 [INFO] [Multiverse-Core] Loading World & Settings - 'world_the_end' - Env: THE_END - Type: NORMAL & seed: -1139625709611543140
2014-01-17 21:12:30 [INFO] [Multiverse-Core] 11 - World(s) loaded.
2014-01-17 21:17:38 [INFO] [Multiverse-Core] - Version 2.4-b527 (API v14) Enabled - By Rigby, fernferret, lithium3141 and main--
2014-01-17 21:17:38 [INFO] [Multiverse-Core] Loading World & Settings - 'cool' - Env: NORMAL - Type: NORMAL & seed: -4686037208822598055
2014-01-17 21:17:38 [INFO] [Multiverse-Core] Loading World & Settings - 'minefreak24' - Env: NORMAL - Type: FLAT & seed: 8106834238172721214
2014-01-17 21:17:39 [INFO] [Multiverse-Core] Loading World & Settings - 'spawn' - Env: NORMAL - Type: NORMAL & seed: 1435672245
2014-01-17 21:17:39 [INFO] [Multiverse-Core] Loading World & Settings - '11Kralu' - Env: NORMAL - Type: NORMAL & seed: 3146078112081712581
2014-01-17 21:17:39 [INFO] [Multiverse-Core] Loading World & Settings - 'Project1' - Env: NORMAL - Type: NORMAL & seed: -7433472684274502886
2014-01-17 21:17:39 [INFO] [Multiverse-Core] Loading World & Settings - 'spawn1' - Env: NORMAL - Type: NORMAL & seed: 1435672245
2014-01-17 21:17:40 [INFO] [Multiverse-Core] Loading World & Settings - 'Single' - Env: NORMAL - Type: NORMAL & seed: -1413981377949356635
2014-01-17 21:17:40 [INFO] [Multiverse-Core] Loading World & Settings - 'MineGames' - Env: NORMAL - Type: NORMAL & seed: 1435672245
2014-01-17 21:17:40 [INFO] [Multiverse-Core] Loading World & Settings - 'world' - Env: NORMAL - Type: NORMAL & seed: -1139625709611543140
2014-01-17 21:17:40 [INFO] [Multiverse-Core] Loading World & Settings - 'world_nether' - Env: NETHER - Type: NORMAL & seed: -1139625709611543140
2014-01-17 21:17:41 [INFO] [Multiverse-Core] Loading World & Settings - 'world_the_end' - Env: THE_END - Type: NORMAL & seed: -1139625709611543140
2014-01-17 21:17:41 [INFO] [Multiverse-Core] 11 - World(s) loaded.
2014-01-17 21:21:17 [INFO] [Multiverse-Core] - Version 2.4-b527 (API v14) Enabled - By Rigby, fernferret, lithium3141 and main--
2014-01-17 21:21:17 [INFO] [Multiverse-Core] Loading World & Settings - 'cool' - Env: NORMAL - Type: NORMAL & seed: -4686037208822598055
2014-01-17 21:21:17 [INFO] [Multiverse-Core] Loading World & Settings - 'minefreak24' - Env: NORMAL - Type: FLAT & seed: 8106834238172721214
2014-01-17 21:21:17 [INFO] [Multiverse-Core] Loading World & Settings - 'spawn' - Env: NORMAL - Type: NORMAL & seed: 1435672245
2014-01-17 21:21:17 [INFO] [Multiverse-Core] Loading World & Settings - '11Kralu' - Env: NORMAL - Type: NORMAL & seed: 3146078112081712581
2014-01-17 21:21:18 [INFO] [Multiverse-Core] Loading World & Settings - 'Project1' - Env: NORMAL - Type: NORMAL & seed: -7433472684274502886
2014-01-17 21:21:18 [INFO] [Multiverse-Core] Loading World & Settings - 'spawn1' - Env: NORMAL - Type: NORMAL & seed: 1435672245
2014-01-17 21:21:18 [INFO] [Multiverse-Core] Loading World & Settings - 'Single' - Env: NORMAL - Type: NORMAL & seed: -1413981377949356635
2014-01-17 21:21:18 [INFO] [Multiverse-Core] Loading World & Settings - 'MineGames' - Env: NORMAL - Type: NORMAL & seed: 1435672245
2014-01-17 21:21:19 [INFO] [Multiverse-Core] Loading World & Settings - 'world' - Env: NORMAL - Type: NORMAL & seed: -1139625709611543140
2014-01-17 21:21:19 [INFO] [Multiverse-Core] Loading World & Settings - 'world_nether' - Env: NETHER - Type: NORMAL & seed: -1139625709611543140
2014-01-17 21:21:19 [INFO] [Multiverse-Core] Loading World & Settings - 'world_the_end' - Env: THE_END - Type: NORMAL & seed: -1139625709611543140
2014-01-17 21:21:19 [INFO] [Multiverse-Core] 11 - World(s) loaded.
2014-01-17 21:22:00 [INFO] [Multiverse-Core] - Version 2.4-b527 (API v14) Enabled - By Rigby, fernferret, lithium3141 and main--
2014-01-17 21:22:00 [INFO] [Multiverse-Core] Loading World & Settings - 'cool' - Env: NORMAL - Type: NORMAL & seed: -4686037208822598055
2014-01-17 21:22:00 [INFO] [Multiverse-Core] Loading World & Settings - 'minefreak24' - Env: NORMAL - Type: FLAT & seed: 8106834238172721214
2014-01-17 21:22:00 [INFO] [Multiverse-Core] Loading World & Settings - 'spawn' - Env: NORMAL - Type: NORMAL & seed: 1435672245
2014-01-17 21:22:00 [INFO] [Multiverse-Core] Loading World & Settings - '11Kralu' - Env: NORMAL - Type: NORMAL & seed: 3146078112081712581
2014-01-17 21:22:01 [INFO] [Multiverse-Core] Loading World & Settings - 'Project1' - Env: NORMAL - Type: NORMAL & seed: -7433472684274502886
2014-01-17 21:22:01 [INFO] [Multiverse-Core] Loading World & Settings - 'spawn1' - Env: NORMAL - Type: NORMAL & seed: 1435672245
2014-01-17 21:22:01 [INFO] [Multiverse-Core] Loading World & Settings - 'Single' - Env: NORMAL - Type: NORMAL & seed: -1413981377949356635
2014-01-17 21:22:01 [INFO] [Multiverse-Core] Loading World & Settings - 'MineGames' - Env: NORMAL - Type: NORMAL & seed: 1435672245
2014-01-17 21:22:02 [INFO] [Multiverse-Core] Loading World & Settings - 'world' - Env: NORMAL - Type: NORMAL & seed: -1139625709611543140
2014-01-17 21:22:02 [INFO] [Multiverse-Core] Loading World & Settings - 'world_nether' - Env: NETHER - Type: NORMAL & seed: -1139625709611543140
2014-01-17 21:22:02 [INFO] [Multiverse-Core] Loading World & Settings - 'world_the_end' - Env: THE_END - Type: NORMAL & seed: -1139625709611543140
2014-01-17 21:22:02 [INFO] [Multiverse-Core] 11 - World(s) loaded.
2014-01-18 11:58:46 [INFO] [Multiverse-Core] - Version 2.4-b527 (API v14) Enabled - By Rigby, fernferret, lithium3141 and main--
2014-01-18 11:58:46 [INFO] [Multiverse-Core] Loading World & Settings - 'cool' - Env: NORMAL - Type: NORMAL & seed: -4686037208822598055
2014-01-18 11:58:47 [INFO] [Multiverse-Core] Loading World & Settings - 'minefreak24' - Env: NORMAL - Type: FLAT & seed: 8106834238172721214
2014-01-18 11:58:47 [INFO] [Multiverse-Core] Loading World & Settings - 'spawn' - Env: NORMAL - Type: NORMAL & seed: 1435672245
2014-01-18 11:58:48 [INFO] [Multiverse-Core] Loading World & Settings - '11Kralu' - Env: NORMAL - Type: NORMAL & seed: 3146078112081712581
2014-01-18 11:58:49 [INFO] [Multiverse-Core] Loading World & Settings - 'Project1' - Env: NORMAL - Type: NORMAL & seed: -7433472684274502886
2014-01-18 11:58:49 [INFO] [Multiverse-Core] Loading World & Settings - 'spawn1' - Env: NORMAL - Type: NORMAL & seed: 1435672245
2014-01-18 11:58:50 [INFO] [Multiverse-Core] Loading World & Settings - 'Single' - Env: NORMAL - Type: NORMAL & seed: -1413981377949356635
2014-01-18 11:58:51 [INFO] [Multiverse-Core] Loading World & Settings - 'MineGames' - Env: NORMAL - Type: NORMAL & seed: 1435672245
2014-01-18 11:58:52 [INFO] [Multiverse-Core] Loading World & Settings - 'world' - Env: NORMAL - Type: NORMAL & seed: -1139625709611543140
2014-01-18 11:58:52 [INFO] [Multiverse-Core] Loading World & Settings - 'world_nether' - Env: NETHER - Type: NORMAL & seed: -1139625709611543140
2014-01-18 11:58:52 [INFO] [Multiverse-Core] Loading World & Settings - 'world_the_end' - Env: THE_END - Type: NORMAL & seed: -1139625709611543140
2014-01-18 11:58:52 [INFO] [Multiverse-Core] 11 - World(s) loaded.
2014-01-18 12:02:04 [INFO] [Multiverse-Core] - Version 2.4-b527 (API v14) Enabled - By Rigby, fernferret, lithium3141 and main--
2014-01-18 12:02:04 [INFO] [Multiverse-Core] Loading World & Settings - 'cool' - Env: NORMAL - Type: NORMAL & seed: -4686037208822598055
2014-01-18 12:02:04 [INFO] [Multiverse-Core] Loading World & Settings - 'minefreak24' - Env: NORMAL - Type: FLAT & seed: 8106834238172721214
2014-01-18 12:02:04 [INFO] [Multiverse-Core] Loading World & Settings - 'spawn' - Env: NORMAL - Type: NORMAL & seed: 1435672245
2014-01-18 12:02:05 [INFO] [Multiverse-Core] Loading World & Settings - '11Kralu' - Env: NORMAL - Type: NORMAL & seed: 3146078112081712581
2014-01-18 12:02:05 [INFO] [Multiverse-Core] Loading World & Settings - 'Project1' - Env: NORMAL - Type: NORMAL & seed: -7433472684274502886
2014-01-18 12:02:05 [INFO] [Multiverse-Core] Loading World & Settings - 'spawn1' - Env: NORMAL - Type: NORMAL & seed: 1435672245
2014-01-18 12:02:05 [INFO] [Multiverse-Core] Loading World & Settings - 'Single' - Env: NORMAL - Type: NORMAL & seed: -1413981377949356635
2014-01-18 12:02:05 [INFO] [Multiverse-Core] Loading World & Settings - 'MineGames' - Env: NORMAL - Type: NORMAL & seed: 1435672245
2014-01-18 12:02:06 [INFO] [Multiverse-Core] Loading World & Settings - 'world' - Env: NORMAL - Type: NORMAL & seed: -1139625709611543140
2014-01-18 12:02:06 [INFO] [Multiverse-Core] Loading World & Settings - 'world_nether' - Env: NETHER - Type: NORMAL & seed: -1139625709611543140
2014-01-18 12:02:06 [INFO] [Multiverse-Core] Loading World & Settings - 'world_the_end' - Env: THE_END - Type: NORMAL & seed: -1139625709611543140
2014-01-18 12:02:07 [INFO] [Multiverse-Core] 11 - World(s) loaded.
2014-01-18 12:03:24 [INFO] [Multiverse-Core] - Version 2.4-b527 (API v14) Enabled - By Rigby, fernferret, lithium3141 and main--
2014-01-18 12:03:24 [INFO] [Multiverse-Core] Loading World & Settings - 'cool' - Env: NORMAL - Type: NORMAL & seed: -4686037208822598055
2014-01-18 12:03:25 [INFO] [Multiverse-Core] Loading World & Settings - 'minefreak24' - Env: NORMAL - Type: FLAT & seed: 8106834238172721214
2014-01-18 12:03:25 [INFO] [Multiverse-Core] Loading World & Settings - 'spawn' - Env: NORMAL - Type: NORMAL & seed: 1435672245
2014-01-18 12:03:25 [INFO] [Multiverse-Core] Loading World & Settings - '11Kralu' - Env: NORMAL - Type: NORMAL & seed: 3146078112081712581
2014-01-18 12:03:25 [INFO] [Multiverse-Core] Loading World & Settings - 'Project1' - Env: NORMAL - Type: NORMAL & seed: -7433472684274502886
2014-01-18 12:03:25 [INFO] [Multiverse-Core] Loading World & Settings - 'spawn1' - Env: NORMAL - Type: NORMAL & seed: 1435672245
2014-01-18 12:03:25 [INFO] [Multiverse-Core] Loading World & Settings - 'Single' - Env: NORMAL - Type: NORMAL & seed: -1413981377949356635
2014-01-18 12:03:25 [INFO] [Multiverse-Core] Loading World & Settings - 'MineGames' - Env: NORMAL - Type: NORMAL & seed: 1435672245
2014-01-18 12:03:26 [INFO] [Multiverse-Core] Loading World & Settings - 'world' - Env: NORMAL - Type: NORMAL & seed: -1139625709611543140
2014-01-18 12:03:26 [INFO] [Multiverse-Core] Loading World & Settings - 'world_nether' - Env: NETHER - Type: NORMAL & seed: -1139625709611543140
2014-01-18 12:03:26 [INFO] [Multiverse-Core] Loading World & Settings - 'world_the_end' - Env: THE_END - Type: NORMAL & seed: -1139625709611543140
2014-01-18 12:03:26 [INFO] [Multiverse-Core] 11 - World(s) loaded.
2014-01-18 12:13:22 [INFO] [Multiverse-Core] - Version 2.4-b527 (API v14) Enabled - By Rigby, fernferret, lithium3141 and main--
2014-01-18 12:13:22 [INFO] [Multiverse-Core] Loading World & Settings - 'cool' - Env: NORMAL - Type: NORMAL & seed: -4686037208822598055
2014-01-18 12:13:22 [INFO] [Multiverse-Core] Loading World & Settings - 'minefreak24' - Env: NORMAL - Type: FLAT & seed: 8106834238172721214
2014-01-18 12:13:22 [INFO] [Multiverse-Core] Loading World & Settings - 'spawn' - Env: NORMAL - Type: NORMAL & seed: 1435672245
2014-01-18 12:13:22 [INFO] [Multiverse-Core] Loading World & Settings - '11Kralu' - Env: NORMAL - Type: NORMAL & seed: 3146078112081712581
2014-01-18 12:13:23 [INFO] [Multiverse-Core] Loading World & Settings - 'Project1' - Env: NORMAL - Type: NORMAL & seed: -7433472684274502886
2014-01-18 12:13:23 [INFO] [Multiverse-Core] Loading World & Settings - 'spawn1' - Env: NORMAL - Type: NORMAL & seed: 1435672245
2014-01-18 12:13:23 [INFO] [Multiverse-Core] Loading World & Settings - 'Single' - Env: NORMAL - Type: NORMAL & seed: -1413981377949356635
2014-01-18 12:13:23 [INFO] [Multiverse-Core] Loading World & Settings - 'MineGames' - Env: NORMAL - Type: NORMAL & seed: 1435672245
2014-01-18 12:13:24 [INFO] [Multiverse-Core] Loading World & Settings - 'world' - Env: NORMAL - Type: NORMAL & seed: -1139625709611543140
2014-01-18 12:13:24 [INFO] [Multiverse-Core] Loading World & Settings - 'world_nether' - Env: NETHER - Type: NORMAL & seed: -1139625709611543140
2014-01-18 12:13:24 [INFO] [Multiverse-Core] Loading World & Settings - 'world_the_end' - Env: THE_END - Type: NORMAL & seed: -1139625709611543140
2014-01-18 12:13:25 [INFO] [Multiverse-Core] 11 - World(s) loaded.
2014-01-18 12:15:08 [INFO] [Multiverse-Core] - Version 2.4-b527 (API v14) Enabled - By Rigby, fernferret, lithium3141 and main--
2014-01-18 12:15:08 [INFO] [Multiverse-Core] Loading World & Settings - 'cool' - Env: NORMAL - Type: NORMAL & seed: -4686037208822598055
2014-01-18 12:15:08 [INFO] [Multiverse-Core] Loading World & Settings - 'minefreak24' - Env: NORMAL - Type: FLAT & seed: 8106834238172721214
2014-01-18 12:15:08 [INFO] [Multiverse-Core] Loading World & Settings - 'spawn' - Env: NORMAL - Type: NORMAL & seed: 1435672245
2014-01-18 12:15:09 [INFO] [Multiverse-Core] Loading World & Settings - '11Kralu' - Env: NORMAL - Type: NORMAL & seed: 3146078112081712581
2014-01-18 12:15:09 [INFO] [Multiverse-Core] Loading World & Settings - 'Project1' - Env: NORMAL - Type: NORMAL & seed: -7433472684274502886
2014-01-18 12:15:09 [INFO] [Multiverse-Core] Loading World & Settings - 'spawn1' - Env: NORMAL - Type: NORMAL & seed: 1435672245
2014-01-18 12:15:09 [INFO] [Multiverse-Core] Loading World & Settings - 'Single' - Env: NORMAL - Type: NORMAL & seed: -1413981377949356635
2014-01-18 12:15:10 [INFO] [Multiverse-Core] Loading World & Settings - 'MineGames' - Env: NORMAL - Type: NORMAL & seed: 1435672245
2014-01-18 12:15:10 [INFO] [Multiverse-Core] Loading World & Settings - 'world' - Env: NORMAL - Type: NORMAL & seed: -1139625709611543140
2014-01-18 12:15:10 [INFO] [Multiverse-Core] Loading World & Settings - 'world_nether' - Env: NETHER - Type: NORMAL & seed: -1139625709611543140
2014-01-18 12:15:11 [INFO] [Multiverse-Core] Loading World & Settings - 'world_the_end' - Env: THE_END - Type: NORMAL & seed: -1139625709611543140
2014-01-18 12:15:11 [INFO] [Multiverse-Core] 11 - World(s) loaded.
2014-01-18 12:15:39 [INFO] [Multiverse-Core] - Version 2.4-b527 (API v14) Enabled - By Rigby, fernferret, lithium3141 and main--
2014-01-18 12:15:39 [INFO] [Multiverse-Core] Loading World & Settings - 'cool' - Env: NORMAL - Type: NORMAL & seed: -4686037208822598055
2014-01-18 12:15:39 [INFO] [Multiverse-Core] Loading World & Settings - 'minefreak24' - Env: NORMAL - Type: FLAT & seed: 8106834238172721214
2014-01-18 12:15:39 [INFO] [Multiverse-Core] Loading World & Settings - 'spawn' - Env: NORMAL - Type: NORMAL & seed: 1435672245
2014-01-18 12:15:39 [INFO] [Multiverse-Core] Loading World & Settings - '11Kralu' - Env: NORMAL - Type: NORMAL & seed: 3146078112081712581
2014-01-18 12:15:39 [INFO] [Multiverse-Core] Loading World & Settings - 'Project1' - Env: NORMAL - Type: NORMAL & seed: -7433472684274502886
2014-01-18 12:15:39 [INFO] [Multiverse-Core] Loading World & Settings - 'spawn1' - Env: NORMAL - Type: NORMAL & seed: 1435672245
2014-01-18 12:15:40 [INFO] [Multiverse-Core] Loading World & Settings - 'Single' - Env: NORMAL - Type: NORMAL & seed: -1413981377949356635
2014-01-18 12:15:40 [INFO] [Multiverse-Core] Loading World & Settings - 'MineGames' - Env: NORMAL - Type: NORMAL & seed: 1435672245
2014-01-18 12:15:40 [INFO] [Multiverse-Core] Loading World & Settings - 'world' - Env: NORMAL - Type: NORMAL & seed: -1139625709611543140
2014-01-18 12:15:40 [INFO] [Multiverse-Core] Loading World & Settings - 'world_nether' - Env: NETHER - Type: NORMAL & seed: -1139625709611543140
2014-01-18 12:15:40 [INFO] [Multiverse-Core] Loading World & Settings - 'world_the_end' - Env: THE_END - Type: NORMAL & seed: -1139625709611543140
2014-01-18 12:15:40 [INFO] [Multiverse-Core] 11 - World(s) loaded.
